<?xml version="1.0" encoding="UTF-8"?>
<!-- Generated by org.testng.reporters.JUnitXMLReporter -->
<testsuite ignored="0" hostname="SHREESHA" failures="0" tests="4" name="Test" time="4.182" errors="0" timestamp="2023-03-24T12:45:31 IST">
  <testcase classname="com.excelr.testcases.LoginPageTest" name="@BeforeMethod browserSetup" time="2.944">
    <failure type="org.openqa.selenium.remote.http.ConnectionFailedException" message="Unable to establish websocket connection to http://localhost:60923/devtools/browser/67653545-4907-42bf-8291-5d7c1370cba1
Build info: version: &amp;apos;4.7.0&amp;apos;, revision: &amp;apos;0a5b49d16f&amp;apos;
System info: os.name: &amp;apos;Windows 10&amp;apos;, os.arch: &amp;apos;amd64&amp;apos;, os.version: &amp;apos;10.0&amp;apos;, java.version: &amp;apos;17.0.6&amp;apos;
Driver info: driver.version: ChromeDriver">
      <![CDATA[org.openqa.selenium.remote.http.ConnectionFailedException: Unable to establish websocket connection to http://localhost:60923/devtools/browser/67653545-4907-42bf-8291-5d7c1370cba1
Build info: version: '4.7.0', revision: '0a5b49d16f'
System info: os.name: 'Windows 10', os.arch: 'amd64', os.version: '10.0', java.version: '17.0.6'
Driver info: driver.version: ChromeDriver
at org.openqa.selenium.remote.http.netty.NettyWebSocket.<init>(NettyWebSocket.java:102)
at org.openqa.selenium.remote.http.netty.NettyWebSocket.lambda$create$3(NettyWebSocket.java:128)
at org.openqa.selenium.remote.http.netty.NettyClient.openSocket(NettyClient.java:107)
at org.openqa.selenium.devtools.Connection.<init>(Connection.java:77)
at org.openqa.selenium.chromium.ChromiumDriver.lambda$new$2(ChromiumDriver.java:116)
at java.base/java.util.Optional.map(Optional.java:260)
at org.openqa.selenium.chromium.ChromiumDriver.<init>(ChromiumDriver.java:114)
at org.openqa.selenium.chrome.ChromeDriver.<init>(ChromeDriver.java:81)
at org.openqa.selenium.chrome.ChromeDriver.<init>(ChromeDriver.java:49)
at com.excelr.Base.ExcelrBase.initialization(ExcelrBase.java:11)
at com.excelr.testcases.LoginPageTest.browserSetup(LoginPageTest.java:19)
at java.base/java.util.ArrayList.forEach(ArrayList.java:1511)
... Removed 31 stack frames]]>
    </failure>
  </testcase> <!-- @BeforeMethod browserSetup -->
  <testcase classname="com.excelr.testcases.LoginPageTest" name="@AfterMethod closeBrowserSetup" time="0.0">
    <skipped/>
  </testcase> <!-- @AfterMethod closeBrowserSetup -->
  <testcase classname="com.excelr.testcases.LoginPageTest" name="@BeforeMethod browserSetup" time="0.0">
    <skipped/>
  </testcase> <!-- @BeforeMethod browserSetup -->
  <testcase classname="com.excelr.testcases.LoginPageTest" name="@AfterMethod closeBrowserSetup" time="0.0">
    <skipped/>
  </testcase> <!-- @AfterMethod closeBrowserSetup -->
  <testcase classname="com.excelr.testcases.LoginPageTest" name="@BeforeMethod browserSetup" time="0.0">
    <skipped/>
  </testcase> <!-- @BeforeMethod browserSetup -->
  <testcase classname="com.excelr.testcases.LoginPageTest" name="@AfterMethod closeBrowserSetup" time="0.0">
    <skipped/>
  </testcase> <!-- @AfterMethod closeBrowserSetup -->
  <testcase classname="com.excelr.testcases.DashboardPageTest" name="@BeforeMethod browserSetup" time="1.148">
    <failure type="org.openqa.selenium.remote.http.ConnectionFailedException" message="Unable to establish websocket connection to http://localhost:60938/devtools/browser/b1eb5492-bdfc-4b74-a4bf-b8468d34a06a
Build info: version: &amp;apos;4.7.0&amp;apos;, revision: &amp;apos;0a5b49d16f&amp;apos;
System info: os.name: &amp;apos;Windows 10&amp;apos;, os.arch: &amp;apos;amd64&amp;apos;, os.version: &amp;apos;10.0&amp;apos;, java.version: &amp;apos;17.0.6&amp;apos;
Driver info: driver.version: ChromeDriver">
      <![CDATA[org.openqa.selenium.remote.http.ConnectionFailedException: Unable to establish websocket connection to http://localhost:60938/devtools/browser/b1eb5492-bdfc-4b74-a4bf-b8468d34a06a
Build info: version: '4.7.0', revision: '0a5b49d16f'
System info: os.name: 'Windows 10', os.arch: 'amd64', os.version: '10.0', java.version: '17.0.6'
Driver info: driver.version: ChromeDriver
at org.openqa.selenium.remote.http.netty.NettyWebSocket.<init>(NettyWebSocket.java:102)
at org.openqa.selenium.remote.http.netty.NettyWebSocket.lambda$create$3(NettyWebSocket.java:128)
at org.openqa.selenium.remote.http.netty.NettyClient.openSocket(NettyClient.java:107)
at org.openqa.selenium.devtools.Connection.<init>(Connection.java:77)
at org.openqa.selenium.chromium.ChromiumDriver.lambda$new$2(ChromiumDriver.java:116)
at java.base/java.util.Optional.map(Optional.java:260)
at org.openqa.selenium.chromium.ChromiumDriver.<init>(ChromiumDriver.java:114)
at org.openqa.selenium.chrome.ChromeDriver.<init>(ChromeDriver.java:81)
at org.openqa.selenium.chrome.ChromeDriver.<init>(ChromeDriver.java:49)
at com.excelr.Base.ExcelrBase.initialization(ExcelrBase.java:11)
at com.excelr.testcases.DashboardPageTest.browserSetup(DashboardPageTest.java:18)
at java.base/java.util.ArrayList.forEach(ArrayList.java:1511)
... Removed 31 stack frames]]>
    </failure>
  </testcase> <!-- @BeforeMethod browserSetup -->
  <testcase classname="com.excelr.testcases.DashboardPageTest" name="@AfterMethod closeBrowserSetup" time="0.0">
    <skipped/>
  </testcase> <!-- @AfterMethod closeBrowserSetup -->
  <testcase classname="com.excelr.testcases.LoginPageTest" name="forgotPasswordLinkDisplayed" time="0.0">
    <skipped/>
  </testcase> <!-- forgotPasswordLinkDisplayed -->
  <testcase classname="com.excelr.testcases.LoginPageTest" name="validateLoginTest" time="0.001">
    <skipped/>
  </testcase> <!-- validateLoginTest -->
  <testcase classname="com.excelr.testcases.LoginPageTest" name="validateTitleTest" time="0.0">
    <skipped/>
  </testcase> <!-- validateTitleTest -->
  <testcase classname="com.excelr.testcases.DashboardPageTest" name="timeatWorkSection" time="0.0">
    <skipped/>
  </testcase> <!-- timeatWorkSection -->
</testsuite> <!-- Test -->
